<?xml version="1.0" encoding="UTF-8"?>
<!-- Generated by org.testng.reporters.JUnitXMLReporter -->
<testsuite hostname="Kangsoft-PC" name="Default test" tests="1" failures="1" timestamp="9 May 2014 07:17:51 GMT" time="50.568" errors="0">
  <testcase name="test" time="30.935" classname="com.everbridge.member.appium.LoginTest">
    <failure type="org.openqa.selenium.NoSuchElementException" message="An element could not be located on the page using the given search parameters. (WARNING: The server did not provide any stacktrace information)
Command duration or timeout: 567 milliseconds
For documentation on this error, please visit: http://seleniumhq.org/exceptions/no_such_element.html
Build info: version: &amp;apos;2.41.0&amp;apos;, revision: &amp;apos;3192d8a&amp;apos;, time: &amp;apos;2014-03-27 17:18:15&amp;apos;
System info: host: &amp;apos;Kangsoft-PC&amp;apos;, ip: &amp;apos;192.168.1.81&amp;apos;, os.name: &amp;apos;Windows 7&amp;apos;, os.arch: &amp;apos;amd64&amp;apos;, os.version: &amp;apos;6.1&amp;apos;, java.version: &amp;apos;1.6.0_31&amp;apos;
Session ID: b2c20357-92c5-4749-a05c-d646923f8582
Driver info: com.everbridge.member.appium.LoginTest$SwipeableWebDriver
Capabilities [{platform=WINDOWS, app=D:\workspace\Eclipse-jee-kepler-SR2-win32-x86_64\MobileMemberAutomation\apps\MobileMemberApp\Member_QA_30_1108_041614.apk, javascriptEnabled=true, browserName=, desired={platform=WINDOWS, app=D:\workspace\Eclipse-jee-kepler-SR2-win32-x86_64\MobileMemberAutomation\apps\MobileMemberApp\Member_QA_30_1108_041614.apk, browserName=, app-package=com.everbridge.mobile.iv.recipient, device=Android, app-activity=.SplashActivity, version=4.4.2}, version=4.4.2, platformVersion=4.1, databaseEnabled=false, app-package=com.everbridge.mobile.iv.recipient, webStorageEnabled=false, device=Android, app-activity=.SplashActivity, warnings={}, takesScreenshot=true}]">
      <![CDATA[org.openqa.selenium.NoSuchElementException: An element could not be located on the page using the given search parameters. (WARNING: The server did not provide any stacktrace information)
Command duration or timeout: 567 milliseconds
For documentation on this error, please visit: http://seleniumhq.org/exceptions/no_such_element.html
Build info: version: '2.41.0', revision: '3192d8a', time: '2014-03-27 17:18:15'
System info: host: 'Kangsoft-PC', ip: '192.168.1.81', os.name: 'Windows 7', os.arch: 'amd64', os.version: '6.1', java.version: '1.6.0_31'
Session ID: b2c20357-92c5-4749-a05c-d646923f8582
Driver info: com.everbridge.member.appium.LoginTest$SwipeableWebDriver
Capabilities [{platform=WINDOWS, app=D:\workspace\Eclipse-jee-kepler-SR2-win32-x86_64\MobileMemberAutomation\apps\MobileMemberApp\Member_QA_30_1108_041614.apk, javascriptEnabled=true, browserName=, desired={platform=WINDOWS, app=D:\workspace\Eclipse-jee-kepler-SR2-win32-x86_64\MobileMemberAutomation\apps\MobileMemberApp\Member_QA_30_1108_041614.apk, browserName=, app-package=com.everbridge.mobile.iv.recipient, device=Android, app-activity=.SplashActivity, version=4.4.2}, version=4.4.2, platformVersion=4.1, databaseEnabled=false, app-package=com.everbridge.mobile.iv.recipient, webStorageEnabled=false, device=Android, app-activity=.SplashActivity, warnings={}, takesScreenshot=true}]
	at sun.reflect.NativeConstructorAccessorImpl.newInstance0(Native Method)
	at sun.reflect.NativeConstructorAccessorImpl.newInstance(NativeConstructorAccessorImpl.java:39)
	at sun.reflect.DelegatingConstructorAccessorImpl.newInstance(DelegatingConstructorAccessorImpl.java:27)
	at java.lang.reflect.Constructor.newInstance(Constructor.java:513)
	at org.openqa.selenium.remote.ErrorHandler.createThrowable(ErrorHandler.java:193)
	at org.openqa.selenium.remote.ErrorHandler.throwIfResponseFailed(ErrorHandler.java:145)
	at org.openqa.selenium.remote.RemoteWebDriver.execute(RemoteWebDriver.java:595)
	at org.openqa.selenium.remote.RemoteWebDriver.findElement(RemoteWebDriver.java:348)
	at org.openqa.selenium.remote.RemoteWebDriver.findElementById(RemoteWebDriver.java:389)
	at org.openqa.selenium.By$ById.findElement(By.java:214)
	at org.openqa.selenium.remote.RemoteWebDriver.findElement(RemoteWebDriver.java:340)
	at com.everbridge.member.appium.LoginTest.test(LoginTest.java:61)
	at sun.reflect.NativeMethodAccessorImpl.invoke0(Native Method)
	at sun.reflect.NativeMethodAccessorImpl.invoke(NativeMethodAccessorImpl.java:39)
	at sun.reflect.DelegatingMethodAccessorImpl.invoke(DelegatingMethodAccessorImpl.java:25)
	at java.lang.reflect.Method.invoke(Method.java:597)
	at org.testng.internal.MethodInvocationHelper.invokeMethod(MethodInvocationHelper.java:84)
	at org.testng.internal.Invoker.invokeMethod(Invoker.java:714)
	at org.testng.internal.Invoker.invokeTestMethod(Invoker.java:901)
	at org.testng.internal.Invoker.invokeTestMethods(Invoker.java:1231)
	at org.testng.internal.TestMethodWorker.invokeTestMethods(TestMethodWorker.java:127)
	at org.testng.internal.TestMethodWorker.run(TestMethodWorker.java:111)
	at org.testng.TestRunner.privateRun(TestRunner.java:767)
	at org.testng.TestRunner.run(TestRunner.java:617)
	at org.testng.SuiteRunner.runTest(SuiteRunner.java:334)
	at org.testng.SuiteRunner.runSequentially(SuiteRunner.java:329)
	at org.testng.SuiteRunner.privateRun(SuiteRunner.java:291)
	at org.testng.SuiteRunner.run(SuiteRunner.java:240)
	at org.testng.SuiteRunnerWorker.runSuite(SuiteRunnerWorker.java:52)
	at org.testng.SuiteRunnerWorker.run(SuiteRunnerWorker.java:86)
	at org.testng.TestNG.runSuitesSequentially(TestNG.java:1224)
	at org.testng.TestNG.runSuitesLocally(TestNG.java:1149)
	at org.testng.TestNG.run(TestNG.java:1057)
	at org.testng.remote.RemoteTestNG.run(RemoteTestNG.java:111)
	at org.testng.remote.RemoteTestNG.initAndRun(RemoteTestNG.java:204)
	at org.testng.remote.RemoteTestNG.main(RemoteTestNG.java:175)
]]>
    </failure>
  </testcase> <!-- test -->
</testsuite> <!-- Default test -->
