<?xml version="1.0" encoding="UTF-8"?>
<!-- Generated by org.testng.reporters.JUnitXMLReporter -->
<testsuite hostname="Kangsoft-PC" name="Default test" tests="1" failures="1" timestamp="3 Jun 2014 08:27:50 GMT" time="42.324" errors="0">
  <testcase name="accountAdminTest" time="42.299" classname="com.everbridge.manager.testcase.roles.AccountAdminTest">
    <failure type="org.openqa.selenium.WebDriverException" message="Not yet implemented. Please help us: http://appium.io/get-involved.html (WARNING: The server did not provide any stacktrace information)
Command duration or timeout: 6 milliseconds
Build info: version: &amp;apos;2.41.0&amp;apos;, revision: &amp;apos;3192d8a&amp;apos;, time: &amp;apos;2014-03-27 17:18:15&amp;apos;
System info: host: &amp;apos;Kangsoft-PC&amp;apos;, ip: &amp;apos;192.168.0.100&amp;apos;, os.name: &amp;apos;Windows 7&amp;apos;, os.arch: &amp;apos;amd64&amp;apos;, os.version: &amp;apos;6.1&amp;apos;, java.version: &amp;apos;1.7.0_45&amp;apos;
Session ID: cee8247e-6619-43ef-9887-f499b0655145
Driver info: com.everbridge.manager.common.SwipeableWebDriver
Capabilities [{platformVersion=4.1, app=D:\workspace\Eclipse-jee-kepler-SR2-win32-x86_64\MobileManagerAutomation\apps\MobileManagerApp\Manager_QA_31_1093_051214.apk, platform=WINDOWS, databaseEnabled=false, javascriptEnabled=true, browserName=, app-package=net.everbridge, webStorageEnabled=false, device=Android, app-activity=.ui.SplashUI, desired={platform=WINDOWS, app=D:\workspace\Eclipse-jee-kepler-SR2-win32-x86_64\MobileManagerAutomation\apps\MobileManagerApp\Manager_QA_31_1093_051214.apk, browserName=, app-package=net.everbridge, device=Android, app-activity=.ui.SplashUI, version=4.4.2}, warnings={}, takesScreenshot=true, version=4.4.2}]">
      <![CDATA[org.openqa.selenium.WebDriverException: Not yet implemented. Please help us: http://appium.io/get-involved.html (WARNING: The server did not provide any stacktrace information)
Command duration or timeout: 6 milliseconds
Build info: version: '2.41.0', revision: '3192d8a', time: '2014-03-27 17:18:15'
System info: host: 'Kangsoft-PC', ip: '192.168.0.100', os.name: 'Windows 7', os.arch: 'amd64', os.version: '6.1', java.version: '1.7.0_45'
Session ID: cee8247e-6619-43ef-9887-f499b0655145
Driver info: com.everbridge.manager.common.SwipeableWebDriver
Capabilities [{platformVersion=4.1, app=D:\workspace\Eclipse-jee-kepler-SR2-win32-x86_64\MobileManagerAutomation\apps\MobileManagerApp\Manager_QA_31_1093_051214.apk, platform=WINDOWS, databaseEnabled=false, javascriptEnabled=true, browserName=, app-package=net.everbridge, webStorageEnabled=false, device=Android, app-activity=.ui.SplashUI, desired={platform=WINDOWS, app=D:\workspace\Eclipse-jee-kepler-SR2-win32-x86_64\MobileManagerAutomation\apps\MobileManagerApp\Manager_QA_31_1093_051214.apk, browserName=, app-package=net.everbridge, device=Android, app-activity=.ui.SplashUI, version=4.4.2}, warnings={}, takesScreenshot=true, version=4.4.2}]
	at sun.reflect.NativeConstructorAccessorImpl.newInstance0(Native Method)
	at sun.reflect.NativeConstructorAccessorImpl.newInstance(NativeConstructorAccessorImpl.java:57)
	at sun.reflect.DelegatingConstructorAccessorImpl.newInstance(DelegatingConstructorAccessorImpl.java:45)
	at java.lang.reflect.Constructor.newInstance(Constructor.java:526)
	at org.openqa.selenium.remote.ErrorHandler.createThrowable(ErrorHandler.java:193)
	at org.openqa.selenium.remote.ErrorHandler.throwIfResponseFailed(ErrorHandler.java:145)
	at org.openqa.selenium.remote.RemoteWebDriver.execute(RemoteWebDriver.java:595)
	at org.openqa.selenium.remote.RemoteWebDriver.executeScript(RemoteWebDriver.java:504)
	at com.everbridge.manager.common.MobileScreen.putKeyCode(MobileScreen.java:61)
	at com.everbridge.manager.pages.LoginPage.login(LoginPage.java:88)
	at com.everbridge.manager.testcase.roles.AccountAdminTest.accountAdminTest(AccountAdminTest.java:22)
	at sun.reflect.NativeMethodAccessorImpl.invoke0(Native Method)
	at sun.reflect.NativeMethodAccessorImpl.invoke(NativeMethodAccessorImpl.java:57)
	at sun.reflect.DelegatingMethodAccessorImpl.invoke(DelegatingMethodAccessorImpl.java:43)
	at java.lang.reflect.Method.invoke(Method.java:606)
	at org.testng.internal.MethodInvocationHelper.invokeMethod(MethodInvocationHelper.java:84)
	at org.testng.internal.Invoker.invokeMethod(Invoker.java:714)
	at org.testng.internal.Invoker.invokeTestMethod(Invoker.java:901)
	at org.testng.internal.Invoker.invokeTestMethods(Invoker.java:1231)
	at org.testng.internal.TestMethodWorker.invokeTestMethods(TestMethodWorker.java:127)
	at org.testng.internal.TestMethodWorker.run(TestMethodWorker.java:111)
	at org.testng.TestRunner.privateRun(TestRunner.java:767)
	at org.testng.TestRunner.run(TestRunner.java:617)
	at org.testng.SuiteRunner.runTest(SuiteRunner.java:334)
	at org.testng.SuiteRunner.runSequentially(SuiteRunner.java:329)
	at org.testng.SuiteRunner.privateRun(SuiteRunner.java:291)
	at org.testng.SuiteRunner.run(SuiteRunner.java:240)
	at org.testng.SuiteRunnerWorker.runSuite(SuiteRunnerWorker.java:52)
	at org.testng.SuiteRunnerWorker.run(SuiteRunnerWorker.java:86)
	at org.testng.TestNG.runSuitesSequentially(TestNG.java:1224)
	at org.testng.TestNG.runSuitesLocally(TestNG.java:1149)
	at org.testng.TestNG.run(TestNG.java:1057)
	at org.testng.remote.RemoteTestNG.run(RemoteTestNG.java:111)
	at org.testng.remote.RemoteTestNG.initAndRun(RemoteTestNG.java:204)
	at org.testng.remote.RemoteTestNG.main(RemoteTestNG.java:175)
]]>
    </failure>
  </testcase> <!-- accountAdminTest -->
</testsuite> <!-- Default test -->
