<?xml version="1.0" encoding="UTF-8"?>
<testsuite name="Default test"
           tests="1"
           failures="1"
           errors="0"
           skipped="0"
           time="42.299">
  <properties />
            <testcase name="accountAdminTest" time="42.299" classname="com.everbridge.manager.testcase.roles.AccountAdminTest">
                <failure type="org.openqa.selenium.WebDriverException"
                  message="Not yet implemented. Please help us: http://appium.io/get-involved.html (WARNING: The server did not provide any stacktrace information)
Command duration or timeout: 6 milliseconds
Build info: version: &apos;2.41.0&apos;, revision: &apos;3192d8a&apos;, time: &apos;2014-03-27 17:18:15&apos;
System info: host: &apos;Kangsoft-PC&apos;, ip: &apos;192.168.0.100&apos;, os.name: &apos;Windows 7&apos;, os.arch: &apos;amd64&apos;, os.version: &apos;6.1&apos;, java.version: &apos;1.7.0_45&apos;
Session ID: cee8247e-6619-43ef-9887-f499b0655145
Driver info: com.everbridge.manager.common.SwipeableWebDriver
Capabilities [{platformVersion=4.1, app=D:\workspace\Eclipse-jee-kepler-SR2-win32-x86_64\MobileManagerAutomation\apps\MobileManagerApp\Manager_QA_31_1093_051214.apk, platform=WINDOWS, databaseEnabled=false, javascriptEnabled=true, browserName=, app-package=net.everbridge, webStorageEnabled=false, device=Android, app-activity=.ui.SplashUI, desired={platform=WINDOWS, app=D:\workspace\Eclipse-jee-kepler-SR2-win32-x86_64\MobileManagerAutomation\apps\MobileManagerApp\Manager_QA_31_1093_051214.apk, browserName=, app-package=net.everbridge, device=Android, app-activity=.ui.SplashUI, version=4.4.2}, warnings={}, takesScreenshot=true, version=4.4.2}]"
              >
<![CDATA[org.openqa.selenium.WebDriverException: Not yet implemented. Please help us: http://appium.io/get-involved.html (WARNING: The server did not provide any stacktrace information)
Command duration or timeout: 6 milliseconds
Build info: version: '2.41.0', revision: '3192d8a', time: '2014-03-27 17:18:15'
System info: host: 'Kangsoft-PC', ip: '192.168.0.100', os.name: 'Windows 7', os.arch: 'amd64', os.version: '6.1', java.version: '1.7.0_45'
Session ID: cee8247e-6619-43ef-9887-f499b0655145
Driver info: com.everbridge.manager.common.SwipeableWebDriver
Capabilities [{platformVersion=4.1, app=D:\workspace\Eclipse-jee-kepler-SR2-win32-x86_64\MobileManagerAutomation\apps\MobileManagerApp\Manager_QA_31_1093_051214.apk, platform=WINDOWS, databaseEnabled=false, javascriptEnabled=true, browserName=, app-package=net.everbridge, webStorageEnabled=false, device=Android, app-activity=.ui.SplashUI, desired={platform=WINDOWS, app=D:\workspace\Eclipse-jee-kepler-SR2-win32-x86_64\MobileManagerAutomation\apps\MobileManagerApp\Manager_QA_31_1093_051214.apk, browserName=, app-package=net.everbridge, device=Android, app-activity=.ui.SplashUI, version=4.4.2}, warnings={}, takesScreenshot=true, version=4.4.2}]
  sun.reflect.NativeConstructorAccessorImpl.newInstance0(Native Method)
  sun.reflect.NativeConstructorAccessorImpl.newInstance(NativeConstructorAccessorImpl.java:57)
  sun.reflect.DelegatingConstructorAccessorImpl.newInstance(DelegatingConstructorAccessorImpl.java:45)
  java.lang.reflect.Constructor.newInstance(Constructor.java:526)
  org.openqa.selenium.remote.ErrorHandler.createThrowable(ErrorHandler.java:193)
  org.openqa.selenium.remote.ErrorHandler.throwIfResponseFailed(ErrorHandler.java:145)
  org.openqa.selenium.remote.RemoteWebDriver.execute(RemoteWebDriver.java:595)
  org.openqa.selenium.remote.RemoteWebDriver.executeScript(RemoteWebDriver.java:504)
  com.everbridge.manager.common.MobileScreen.putKeyCode(MobileScreen.java:61)
  com.everbridge.manager.pages.LoginPage.login(LoginPage.java:88)
  com.everbridge.manager.testcase.roles.AccountAdminTest.accountAdminTest(AccountAdminTest.java:22)
  sun.reflect.NativeMethodAccessorImpl.invoke0(Native Method)
  sun.reflect.NativeMethodAccessorImpl.invoke(NativeMethodAccessorImpl.java:57)
  sun.reflect.DelegatingMethodAccessorImpl.invoke(DelegatingMethodAccessorImpl.java:43)
  java.lang.reflect.Method.invoke(Method.java:606)
  org.testng.internal.MethodInvocationHelper.invokeMethod(MethodInvocationHelper.java:84)
  org.testng.internal.Invoker.invokeMethod(Invoker.java:714)
  org.testng.internal.Invoker.invokeTestMethod(Invoker.java:901)
  org.testng.internal.Invoker.invokeTestMethods(Invoker.java:1231)
  org.testng.internal.TestMethodWorker.invokeTestMethods(TestMethodWorker.java:127)
  org.testng.internal.TestMethodWorker.run(TestMethodWorker.java:111)
  org.testng.TestRunner.privateRun(TestRunner.java:767)
  org.testng.TestRunner.run(TestRunner.java:617)
  org.testng.SuiteRunner.runTest(SuiteRunner.java:334)
  org.testng.SuiteRunner.runSequentially(SuiteRunner.java:329)
  org.testng.SuiteRunner.privateRun(SuiteRunner.java:291)
  org.testng.SuiteRunner.run(SuiteRunner.java:240)
  org.testng.SuiteRunnerWorker.runSuite(SuiteRunnerWorker.java:52)
  org.testng.SuiteRunnerWorker.run(SuiteRunnerWorker.java:86)
  org.testng.TestNG.runSuitesSequentially(TestNG.java:1224)
  org.testng.TestNG.runSuitesLocally(TestNG.java:1149)
  org.testng.TestNG.run(TestNG.java:1057)
  org.testng.remote.RemoteTestNG.run(RemoteTestNG.java:111)
  org.testng.remote.RemoteTestNG.initAndRun(RemoteTestNG.java:204)
  org.testng.remote.RemoteTestNG.main(RemoteTestNG.java:175)
]]>
      </failure>

          </testcase>
  
  
  
</testsuite>
