<?xml version="1.0" encoding="UTF-8"?>
<!-- Generated by org.testng.reporters.JUnitReportReporter -->
<testsuite hostname="Kangsoft-PC" name="com.everbridge.member.appium.login.page.LoginTest" tests="1" failures="1" timestamp="13 May 2014 10:11:33 GMT" time="20.204" errors="0">
  <testcase name="test" time="20.204" classname="com.everbridge.member.appium.login.page.LoginTest">
    <failure type="org.openqa.selenium.NoSuchElementException" message="An element could not be located on the page using the given search parameters. (WARNING: The server did not provide any stacktrace information)
Command duration or timeout: 1.11 seconds
For documentation on this error, please visit: http://seleniumhq.org/exceptions/no_such_element.html
Build info: version: &#039;2.41.0&#039;, revision: &#039;3192d8a&#039;, time: &#039;2014-03-27 17:18:15&#039;
System info: host: &#039;Kangsoft-PC&#039;, ip: &#039;192.168.1.81&#039;, os.name: &#039;Windows 7&#039;, os.arch: &#039;amd64&#039;, os.version: &#039;6.1&#039;, java.version: &#039;1.7.0_45&#039;
Session ID: 8fd69edc-733b-4e2d-9147-c243c305c502
Driver info: com.everbridge.member.appium.common.SwipeableWebDriver
Capabilities [{platformVersion=4.1, app=D:\workspace\Eclipse-jee-kepler-SR2-win32-x86_64\MobileMemberAutomation\apps\MobileMemberApp\Member_QA_30_1108_041614.apk, platform=WINDOWS, databaseEnabled=false, javascriptEnabled=true, browserName=, app-package=com.everbridge.mobile.iv.recipient, webStorageEnabled=false, device=Android, app-activity=.SplashActivity, desired={platform=WINDOWS, app=D:\workspace\Eclipse-jee-kepler-SR2-win32-x86_64\MobileMemberAutomation\apps\MobileMemberApp\Member_QA_30_1108_041614.apk, browserName=, app-package=com.everbridge.mobile.iv.recipient, device=Android, app-activity=.SplashActivity, version=4.4.2}, warnings={}, takesScreenshot=true, version=4.4.2}]">
      <![CDATA[org.openqa.selenium.NoSuchElementException: An element could not be located on the page using the given search parameters. (WARNING: The server did not provide any stacktrace information)
Command duration or timeout: 1.11 seconds
For documentation on this error, please visit: http://seleniumhq.org/exceptions/no_such_element.html
Build info: version: '2.41.0', revision: '3192d8a', time: '2014-03-27 17:18:15'
System info: host: 'Kangsoft-PC', ip: '192.168.1.81', os.name: 'Windows 7', os.arch: 'amd64', os.version: '6.1', java.version: '1.7.0_45'
Session ID: 8fd69edc-733b-4e2d-9147-c243c305c502
Driver info: com.everbridge.member.appium.common.SwipeableWebDriver
Capabilities [{platformVersion=4.1, app=D:\workspace\Eclipse-jee-kepler-SR2-win32-x86_64\MobileMemberAutomation\apps\MobileMemberApp\Member_QA_30_1108_041614.apk, platform=WINDOWS, databaseEnabled=false, javascriptEnabled=true, browserName=, app-package=com.everbridge.mobile.iv.recipient, webStorageEnabled=false, device=Android, app-activity=.SplashActivity, desired={platform=WINDOWS, app=D:\workspace\Eclipse-jee-kepler-SR2-win32-x86_64\MobileMemberAutomation\apps\MobileMemberApp\Member_QA_30_1108_041614.apk, browserName=, app-package=com.everbridge.mobile.iv.recipient, device=Android, app-activity=.SplashActivity, version=4.4.2}, warnings={}, takesScreenshot=true, version=4.4.2}]
	at sun.reflect.NativeConstructorAccessorImpl.newInstance0(Native Method)
	at sun.reflect.NativeConstructorAccessorImpl.newInstance(NativeConstructorAccessorImpl.java:57)
	at sun.reflect.DelegatingConstructorAccessorImpl.newInstance(DelegatingConstructorAccessorImpl.java:45)
	at java.lang.reflect.Constructor.newInstance(Constructor.java:526)
	at org.openqa.selenium.remote.ErrorHandler.createThrowable(ErrorHandler.java:193)
	at org.openqa.selenium.remote.ErrorHandler.throwIfResponseFailed(ErrorHandler.java:145)
	at org.openqa.selenium.remote.RemoteWebDriver.execute(RemoteWebDriver.java:595)
	at org.openqa.selenium.remote.RemoteWebDriver.findElement(RemoteWebDriver.java:348)
	at org.openqa.selenium.remote.RemoteWebDriver.findElementById(RemoteWebDriver.java:389)
	at org.openqa.selenium.By$ById.findElement(By.java:214)
	at org.openqa.selenium.remote.RemoteWebDriver.findElement(RemoteWebDriver.java:340)
	at org.openqa.selenium.support.pagefactory.DefaultElementLocator.findElement(DefaultElementLocator.java:59)
	at org.openqa.selenium.support.pagefactory.internal.LocatingElementHandler.invoke(LocatingElementHandler.java:34)
	at com.sun.proxy.$Proxy8.clear(Unknown Source)
	at com.everbridge.member.appium.login.page.LoginPage.inputUserName(LoginPage.java:52)
	at com.everbridge.member.appium.login.page.LoginTest.test(LoginTest.java:68)
	at sun.reflect.NativeMethodAccessorImpl.invoke0(Native Method)
	at sun.reflect.NativeMethodAccessorImpl.invoke(NativeMethodAccessorImpl.java:57)
	at sun.reflect.DelegatingMethodAccessorImpl.invoke(DelegatingMethodAccessorImpl.java:43)
	at java.lang.reflect.Method.invoke(Method.java:606)
	at org.testng.internal.MethodInvocationHelper.invokeMethod(MethodInvocationHelper.java:84)
	at org.testng.internal.Invoker.invokeMethod(Invoker.java:714)
	at org.testng.internal.Invoker.invokeTestMethod(Invoker.java:901)
	at org.testng.internal.Invoker.invokeTestMethods(Invoker.java:1231)
	at org.testng.internal.TestMethodWorker.invokeTestMethods(TestMethodWorker.java:127)
	at org.testng.internal.TestMethodWorker.run(TestMethodWorker.java:111)
	at org.testng.TestRunner.privateRun(TestRunner.java:767)
	at org.testng.TestRunner.run(TestRunner.java:617)
	at org.testng.SuiteRunner.runTest(SuiteRunner.java:334)
	at org.testng.SuiteRunner.runSequentially(SuiteRunner.java:329)
	at org.testng.SuiteRunner.privateRun(SuiteRunner.java:291)
	at org.testng.SuiteRunner.run(SuiteRunner.java:240)
	at org.testng.SuiteRunnerWorker.runSuite(SuiteRunnerWorker.java:52)
	at org.testng.SuiteRunnerWorker.run(SuiteRunnerWorker.java:86)
	at org.testng.TestNG.runSuitesSequentially(TestNG.java:1224)
	at org.testng.TestNG.runSuitesLocally(TestNG.java:1149)
	at org.testng.TestNG.run(TestNG.java:1057)
	at org.testng.remote.RemoteTestNG.run(RemoteTestNG.java:111)
	at org.testng.remote.RemoteTestNG.initAndRun(RemoteTestNG.java:204)
	at org.testng.remote.RemoteTestNG.main(RemoteTestNG.java:175)
]]>
    </failure>
  </testcase> <!-- test -->
</testsuite> <!-- com.everbridge.member.appium.login.page.LoginTest -->
